<?xml version="1.0" encoding="UTF-8"?>
<!-- Generated by org.testng.reporters.JUnitReportReporter -->
<testsuite hostname="DESKTOP-O7TOJMR" failures="0" tests="3" name="groceryTestCases.LoginTestCases" time="20.246" errors="0" timestamp="2024-02-06T19:09:06 IST" skipped="0">
  <testcase classname="groceryTestCases.LoginTestCases" name="verifyLoginWithValidUser" time="6.635"/>
  <testcase classname="groceryTestCases.LoginTestCases" name="verifyLoginWithInvalidCredentials" time="5.474"/>
  <testcase classname="groceryTestCases.LoginTestCases" name="verifyLoginWithInvalidCredentials" time="8.137"/>
</testsuite> <!-- groceryTestCases.LoginTestCases -->
