<?xml version="1.0" encoding="UTF-8"?>
<!-- Generated by org.testng.reporters.JUnitReportReporter -->
<testsuite hostname="DESKTOP-O7TOJMR" failures="0" tests="4" name="groceryTestCases.PushNotificationTestCases" time="38.069" errors="0" timestamp="2024-02-06T19:12:11 IST" skipped="0">
  <testcase classname="groceryTestCases.PushNotificationTestCases" name="verifyPushNotificationSend" time="13.116"/>
  <testcase classname="groceryTestCases.PushNotificationTestCases" name="verifyNavigatedToPushNotificationPage" time="7.195"/>
  <testcase classname="groceryTestCases.PushNotificationTestCases" name="verifyBackGroundColorOfReset" time="7.784"/>
  <testcase classname="groceryTestCases.PushNotificationTestCases" name="VerifySendButtonText" time="9.974"/>
</testsuite> <!-- groceryTestCases.PushNotificationTestCases -->
