<?xml version="1.0" encoding="UTF-8"?>
<!-- Generated by org.testng.reporters.JUnitReportReporter -->
<testsuite hostname="DESKTOP-O7TOJMR" failures="0" tests="2" name="groceryTestCases.ManagePaymentPageTestCases" time="12.659" errors="0" timestamp="2024-02-06T19:10:16 IST" skipped="0">
  <testcase classname="groceryTestCases.ManagePaymentPageTestCases" name="navigateToManagePaymentMethodsPage" time="6.698"/>
  <testcase classname="groceryTestCases.ManagePaymentPageTestCases" name="verifyStatusOfDebitCardIsActive" time="5.961"/>
</testsuite> <!-- groceryTestCases.ManagePaymentPageTestCases -->
