<?xml version="1.0" encoding="UTF-8"?>
<!-- Generated by org.testng.reporters.JUnitReportReporter -->
<testsuite hostname="DESKTOP-O7TOJMR" failures="0" tests="2" name="groceryTestCases.ProductPageTestCases" time="13.274" errors="0" timestamp="2024-02-06T19:11:20 IST" skipped="0">
  <testcase classname="groceryTestCases.ProductPageTestCases" name="verifyElementDeleted" time="7.795"/>
  <testcase classname="groceryTestCases.ProductPageTestCases" name="verifyNavigatedToProductPage" time="5.479"/>
</testsuite> <!-- groceryTestCases.ProductPageTestCases -->
