<?xml version="1.0" encoding="UTF-8"?>
<!-- Generated by org.testng.reporters.JUnitReportReporter -->
<testsuite hostname="DESKTOP-O7TOJMR" failures="0" tests="1" name="groceryTestCases.ManageSliderTestCases" time="7.467" errors="0" timestamp="2024-02-06T19:10:38 IST" skipped="0">
  <testcase classname="groceryTestCases.ManageSliderTestCases" name="verifyStatusOfFirstElementIsActive" time="7.467"/>
</testsuite> <!-- groceryTestCases.ManageSliderTestCases -->
