<?xml version="1.0" encoding="UTF-8"?>
<!-- Generated by org.testng.reporters.JUnitReportReporter -->
<testsuite hostname="DESKTOP-O7TOJMR" failures="0" tests="1" name="groceryTestCases.ManageExpenseTestcases" time="6.909" errors="0" timestamp="2024-02-06T19:09:33 IST" skipped="0">
  <testcase classname="groceryTestCases.ManageExpenseTestcases" name="verfiyNavigatedtoExpenseCategoryPage" time="6.909"/>
</testsuite> <!-- groceryTestCases.ManageExpenseTestcases -->
