<?xml version="1.0" encoding="UTF-8"?>
<!-- Generated by org.testng.reporters.JUnitReportReporter -->
<testsuite hostname="DESKTOP-O7TOJMR" failures="0" tests="1" name="groceryTestCases.OrderSearchButtonTestCases" time="8.858" errors="0" timestamp="2024-02-06T19:10:58 IST" skipped="0">
  <testcase classname="groceryTestCases.OrderSearchButtonTestCases" name="verifyTextOfManageOrderSearchButton" time="8.858"/>
</testsuite> <!-- groceryTestCases.OrderSearchButtonTestCases -->
